# JRE version: OpenJDK Runtime Environment Temurin-17.0.9+9 (17.0.9+9) (build 17.0.9+9)
# Java VM: OpenJDK 64-Bit Server VM Temurin-17.0.9+9 (17.0.9+9, mixed mode, tiered, compressed oops, compressed class ptrs, parallel gc, bsd-amd64)
GC Precious Log:
 CPUs: 16 total, 16 available
 Memory: 32768M
 Large Page Support: Disabled
 NUMA Support: Disabled
 Compressed Oops: Enabled (Zero based)
 Alignments: Space 512K, Generation 512K, Heap 2M
 Heap Min Capacity: 100M
 Heap Initial Capacity: 100M
 Heap Max Capacity: 1G
 Pre-touch: Disabled
 Parallel Workers: 13
Heap:
 PSYoungGen      total 17408K, used 9902K [0x00000007eab00000, 0x00000007ec180000, 0x0000000800000000)
  eden space 13824K, 47% used [0x00000007eab00000,0x00000007eb163a70,0x00000007eb880000)
  from space 3584K, 93% used [0x00000007eb880000,0x00000007ebbc80c0,0x00000007ebc00000)
  to   space 4608K, 0% used [0x00000007ebd00000,0x00000007ebd00000,0x00000007ec180000)
 ParOldGen       total 92672K, used 64503K [0x00000007c0000000, 0x00000007c5a80000, 0x00000007eab00000)
  object space 92672K, 69% used [0x00000007c0000000,0x00000007c3efdcb8,0x00000007c5a80000)
 Metaspace       used 58145K, committed 59136K, reserved 1114112K
  class space    used 6411K, committed 6848K, reserved 1048576K
GC Heap History (20 events):
Event: 11.498 GC heap before
{Heap before GC invocations=28 (full 2):
 PSYoungGen      total 23552K, used 23248K [0x00000007eab00000, 0x00000007ec780000, 0x0000000800000000)
  eden space 18944K, 100% used [0x00000007eab00000,0x00000007ebd80000,0x00000007ebd80000)
  from space 4608K, 93% used [0x00000007ebd80000,0x00000007ec1b4148,0x00000007ec200000)
  to   space 5120K, 0% used [0x00000007ec280000,0x00000007ec280000,0x00000007ec780000)
 ParOldGen       total 68608K, used 38355K [0x00000007c0000000, 0x00000007c4300000, 0x00000007eab00000)
  object space 68608K, 55% used [0x00000007c0000000,0x00000007c2574e68,0x00000007c4300000)
 Metaspace       used 58113K, committed 59072K, reserved 1114112K
  class space    used 6410K, committed 6848K, reserved 1048576K
}
Event: 11.501 GC heap after
{Heap after GC invocations=28 (full 2):
 PSYoungGen      total 23552K, used 4227K [0x00000007eab00000, 0x00000007ec700000, 0x0000000800000000)
  eden space 18944K, 0% used [0x00000007eab00000,0x00000007eab00000,0x00000007ebd80000)
  from space 4608K, 91% used [0x00000007ec280000,0x00000007ec6a0f60,0x00000007ec700000)
  to   space 4608K, 0% used [0x00000007ebd80000,0x00000007ebd80000,0x00000007ec200000)
 ParOldGen       total 68608K, used 42371K [0x00000007c0000000, 0x00000007c4300000, 0x00000007eab00000)
  object space 68608K, 61% used [0x00000007c0000000,0x00000007c2960eb0,0x00000007c4300000)
 Metaspace       used 58113K, committed 59072K, reserved 1114112K
  class space    used 6410K, committed 6848K, reserved 1048576K
}
Event: 11.553 GC heap before
{Heap before GC invocations=29 (full 2):
 PSYoungGen      total 23552K, used 23171K [0x00000007eab00000, 0x00000007ec700000, 0x0000000800000000)
  eden space 18944K, 100% used [0x00000007eab00000,0x00000007ebd80000,0x00000007ebd80000)
  from space 4608K, 91% used [0x00000007ec280000,0x00000007ec6a0f60,0x00000007ec700000)
  to   space 4608K, 0% used [0x00000007ebd80000,0x00000007ebd80000,0x00000007ec200000)
 ParOldGen       total 68608K, used 42371K [0x00000007c0000000, 0x00000007c4300000, 0x00000007eab00000)
  object space 68608K, 61% used [0x00000007c0000000,0x00000007c2960eb0,0x00000007c4300000)
 Metaspace       used 58117K, committed 59072K, reserved 1114112K
  class space    used 6410K, committed 6848K, reserved 1048576K
}
Event: 11.556 GC heap after
{Heap after GC invocations=29 (full 2):
 PSYoungGen      total 23552K, used 4424K [0x00000007eab00000, 0x00000007ec680000, 0x0000000800000000)
  eden space 18944K, 0% used [0x00000007eab00000,0x00000007eab00000,0x00000007ebd80000)
  from space 4608K, 96% used [0x00000007ebd80000,0x00000007ec1d2338,0x00000007ec200000)
  to   space 4608K, 0% used [0x00000007ec200000,0x00000007ec200000,0x00000007ec680000)
 ParOldGen       total 68608K, used 46404K [0x00000007c0000000, 0x00000007c4300000, 0x00000007eab00000)
  object space 68608K, 67% used [0x00000007c0000000,0x00000007c2d513a0,0x00000007c4300000)
 Metaspace       used 58117K, committed 59072K, reserved 1114112K
  class space    used 6410K, committed 6848K, reserved 1048576K
}
Event: 11.609 GC heap before
{Heap before GC invocations=30 (full 2):
 PSYoungGen      total 23552K, used 23368K [0x00000007eab00000, 0x00000007ec680000, 0x0000000800000000)
  eden space 18944K, 100% used [0x00000007eab00000,0x00000007ebd80000,0x00000007ebd80000)
  from space 4608K, 96% used [0x00000007ebd80000,0x00000007ec1d2338,0x00000007ec200000)
  to   space 4608K, 0% used [0x00000007ec200000,0x00000007ec200000,0x00000007ec680000)
 ParOldGen       total 68608K, used 46404K [0x00000007c0000000, 0x00000007c4300000, 0x00000007eab00000)
  object space 68608K, 67% used [0x00000007c0000000,0x00000007c2d513a0,0x00000007c4300000)
 Metaspace       used 58125K, committed 59072K, reserved 1114112K
  class space    used 6410K, committed 6848K, reserved 1048576K
}
Event: 11.612 GC heap after
{Heap after GC invocations=30 (full 2):
 PSYoungGen      total 18432K, used 4600K [0x00000007eab00000, 0x00000007ed080000, 0x0000000800000000)
  eden space 13824K, 0% used [0x00000007eab00000,0x00000007eab00000,0x00000007eb880000)
  from space 4608K, 99% used [0x00000007ec200000,0x00000007ec67e0b0,0x00000007ec680000)
  to   space 9728K, 0% used [0x00000007eb880000,0x00000007eb880000,0x00000007ec200000)
 ParOldGen       total 68608K, used 50685K [0x00000007c0000000, 0x00000007c4300000, 0x00000007eab00000)
  object space 68608K, 73% used [0x00000007c0000000,0x00000007c317f478,0x00000007c4300000)
 Metaspace       used 58125K, committed 59072K, reserved 1114112K
  class space    used 6410K, committed 6848K, reserved 1048576K
}
Event: 11.643 GC heap before
{Heap before GC invocations=31 (full 2):
 PSYoungGen      total 18432K, used 18424K [0x00000007eab00000, 0x00000007ed080000, 0x0000000800000000)
  eden space 13824K, 100% used [0x00000007eab00000,0x00000007eb880000,0x00000007eb880000)
  from space 4608K, 99% used [0x00000007ec200000,0x00000007ec67e0b0,0x00000007ec680000)
  to   space 9728K, 0% used [0x00000007eb880000,0x00000007eb880000,0x00000007ec200000)
 ParOldGen       total 68608K, used 50685K [0x00000007c0000000, 0x00000007c4300000, 0x00000007eab00000)
  object space 68608K, 73% used [0x00000007c0000000,0x00000007c317f478,0x00000007c4300000)
 Metaspace       used 58126K, committed 59072K, reserved 1114112K
  class space    used 6410K, committed 6848K, reserved 1048576K
}
Event: 11.647 GC heap after
{Heap after GC invocations=31 (full 2):
 PSYoungGen      total 17408K, used 3214K [0x00000007eab00000, 0x00000007ec380000, 0x0000000800000000)
  eden space 13824K, 0% used [0x00000007eab00000,0x00000007eab00000,0x00000007eb880000)
  from space 3584K, 89% used [0x00000007eb880000,0x00000007ebba38b0,0x00000007ebc00000)
  to   space 5632K, 0% used [0x00000007ebe00000,0x00000007ebe00000,0x00000007ec380000)
 ParOldGen       total 68608K, used 55197K [0x00000007c0000000, 0x00000007c4300000, 0x00000007eab00000)
  object space 68608K, 80% used [0x00000007c0000000,0x00000007c35e7400,0x00000007c4300000)
 Metaspace       used 58126K, committed 59072K, reserved 1114112K
  class space    used 6410K, committed 6848K, reserved 1048576K
}
Event: 11.680 GC heap before
{Heap before GC invocations=32 (full 2):
 PSYoungGen      total 17408K, used 17038K [0x00000007eab00000, 0x00000007ec380000, 0x0000000800000000)
  eden space 13824K, 100% used [0x00000007eab00000,0x00000007eb880000,0x00000007eb880000)
  from space 3584K, 89% used [0x00000007eb880000,0x00000007ebba38b0,0x00000007ebc00000)
  to   space 5632K, 0% used [0x00000007ebe00000,0x00000007ebe00000,0x00000007ec380000)
 ParOldGen       total 68608K, used 55197K [0x00000007c0000000, 0x00000007c4300000, 0x00000007eab00000)
  object space 68608K, 80% used [0x00000007c0000000,0x00000007c35e7400,0x00000007c4300000)
 Metaspace       used 58137K, committed 59136K, reserved 1114112K
  class space    used 6411K, committed 6848K, reserved 1048576K
}
Event: 11.682 GC heap after
{Heap after GC invocations=32 (full 2):
 PSYoungGen      total 17408K, used 3174K [0x00000007eab00000, 0x00000007ec180000, 0x0000000800000000)
  eden space 13824K, 0% used [0x00000007eab00000,0x00000007eab00000,0x00000007eb880000)
  from space 3584K, 88% used [0x00000007ebe00000,0x00000007ec1199d8,0x00000007ec180000)
  to   space 3584K, 0% used [0x00000007eb880000,0x00000007eb880000,0x00000007ebc00000)
 ParOldGen       total 68608K, used 58226K [0x00000007c0000000, 0x00000007c4300000, 0x00000007eab00000)
  object space 68608K, 84% used [0x00000007c0000000,0x00000007c38dcba8,0x00000007c4300000)
 Metaspace       used 58137K, committed 59136K, reserved 1114112K
  class space    used 6411K, committed 6848K, reserved 1048576K
}
Event: 11.715 GC heap before
{Heap before GC invocations=33 (full 2):
 PSYoungGen      total 17408K, used 16998K [0x00000007eab00000, 0x00000007ec180000, 0x0000000800000000)
  eden space 13824K, 100% used [0x00000007eab00000,0x00000007eb880000,0x00000007eb880000)
  from space 3584K, 88% used [0x00000007ebe00000,0x00000007ec1199d8,0x00000007ec180000)
  to   space 3584K, 0% used [0x00000007eb880000,0x00000007eb880000,0x00000007ebc00000)
 ParOldGen       total 68608K, used 58226K [0x00000007c0000000, 0x00000007c4300000, 0x00000007eab00000)
  object space 68608K, 84% used [0x00000007c0000000,0x00000007c38dcba8,0x00000007c4300000)
 Metaspace       used 58138K, committed 59136K, reserved 1114112K
  class space    used 6411K, committed 6848K, reserved 1048576K
}
Event: 11.717 GC heap after
{Heap after GC invocations=33 (full 2):
 PSYoungGen      total 17408K, used 3234K [0x00000007eab00000, 0x00000007ebf80000, 0x0000000800000000)
  eden space 13824K, 0% used [0x00000007eab00000,0x00000007eab00000,0x00000007eb880000)
  from space 3584K, 90% used [0x00000007eb880000,0x00000007ebba89c0,0x00000007ebc00000)
  to   space 3584K, 0% used [0x00000007ebc00000,0x00000007ebc00000,0x00000007ebf80000)
 ParOldGen       total 68608K, used 61276K [0x00000007c0000000, 0x00000007c4300000, 0x00000007eab00000)
  object space 68608K, 89% used [0x00000007c0000000,0x00000007c3bd7148,0x00000007c4300000)
 Metaspace       used 58138K, committed 59136K, reserved 1114112K
  class space    used 6411K, committed 6848K, reserved 1048576K
}
Event: 11.753 GC heap before
{Heap before GC invocations=34 (full 2):
 PSYoungGen      total 17408K, used 17058K [0x00000007eab00000, 0x00000007ebf80000, 0x0000000800000000)
  eden space 13824K, 100% used [0x00000007eab00000,0x00000007eb880000,0x00000007eb880000)
  from space 3584K, 90% used [0x00000007eb880000,0x00000007ebba89c0,0x00000007ebc00000)
  to   space 3584K, 0% used [0x00000007ebc00000,0x00000007ebc00000,0x00000007ebf80000)
 ParOldGen       total 68608K, used 61276K [0x00000007c0000000, 0x00000007c4300000, 0x00000007eab00000)
  object space 68608K, 89% used [0x00000007c0000000,0x00000007c3bd7148,0x00000007c4300000)
 Metaspace       used 58141K, committed 59136K, reserved 1114112K
  class space    used 6411K, committed 6848K, reserved 1048576K
}
Event: 11.755 GC heap after
{Heap after GC invocations=34 (full 2):
 PSYoungGen      total 17408K, used 3014K [0x00000007eab00000, 0x00000007ebf80000, 0x0000000800000000)
  eden space 13824K, 0% used [0x00000007eab00000,0x00000007eab00000,0x00000007eb880000)
  from space 3584K, 84% used [0x00000007ebc00000,0x00000007ebef1bb8,0x00000007ebf80000)
  to   space 3584K, 0% used [0x00000007eb880000,0x00000007eb880000,0x00000007ebc00000)
 ParOldGen       total 68608K, used 64353K [0x00000007c0000000, 0x00000007c4300000, 0x00000007eab00000)
  object space 68608K, 93% used [0x00000007c0000000,0x00000007c3ed85b8,0x00000007c4300000)
 Metaspace       used 58141K, committed 59136K, reserved 1114112K
  class space    used 6411K, committed 6848K, reserved 1048576K
}
Event: 11.800 GC heap before
{Heap before GC invocations=35 (full 2):
 PSYoungGen      total 17408K, used 16838K [0x00000007eab00000, 0x00000007ebf80000, 0x0000000800000000)
  eden space 13824K, 100% used [0x00000007eab00000,0x00000007eb880000,0x00000007eb880000)
  from space 3584K, 84% used [0x00000007ebc00000,0x00000007ebef1bb8,0x00000007ebf80000)
  to   space 3584K, 0% used [0x00000007eb880000,0x00000007eb880000,0x00000007ebc00000)
 ParOldGen       total 68608K, used 64353K [0x00000007c0000000, 0x00000007c4300000, 0x00000007eab00000)
  object space 68608K, 93% used [0x00000007c0000000,0x00000007c3ed85b8,0x00000007c4300000)
 Metaspace       used 58145K, committed 59136K, reserved 1114112K
  class space    used 6411K, committed 6848K, reserved 1048576K
}
Event: 11.802 GC heap after
{Heap after GC invocations=35 (full 2):
 PSYoungGen      total 17408K, used 3568K [0x00000007eab00000, 0x00000007ec780000, 0x0000000800000000)
  eden space 13824K, 0% used [0x00000007eab00000,0x00000007eab00000,0x00000007eb880000)
  from space 3584K, 99% used [0x00000007eb880000,0x00000007ebbfc1a0,0x00000007ebc00000)
  to   space 7680K, 0% used [0x00000007ec000000,0x00000007ec000000,0x00000007ec780000)
 ParOldGen       total 68608K, used 67386K [0x00000007c0000000, 0x00000007c4300000, 0x00000007eab00000)
  object space 68608K, 98% used [0x00000007c0000000,0x00000007c41ce838,0x00000007c4300000)
 Metaspace       used 58145K, committed 59136K, reserved 1114112K
  class space    used 6411K, committed 6848K, reserved 1048576K
}
Event: 11.802 GC heap before
{Heap before GC invocations=36 (full 3):
 PSYoungGen      total 17408K, used 3568K [0x00000007eab00000, 0x00000007ec780000, 0x0000000800000000)
  eden space 13824K, 0% used [0x00000007eab00000,0x00000007eab00000,0x00000007eb880000)
  from space 3584K, 99% used [0x00000007eb880000,0x00000007ebbfc1a0,0x00000007ebc00000)
  to   space 7680K, 0% used [0x00000007ec000000,0x00000007ec000000,0x00000007ec780000)
 ParOldGen       total 68608K, used 67386K [0x00000007c0000000, 0x00000007c4300000, 0x00000007eab00000)
  object space 68608K, 98% used [0x00000007c0000000,0x00000007c41ce838,0x00000007c4300000)
 Metaspace       used 58145K, committed 59136K, reserved 1114112K
  class space    used 6411K, committed 6848K, reserved 1048576K
}
Event: 11.852 GC heap after
{Heap after GC invocations=36 (full 3):
 PSYoungGen      total 21504K, used 0K [0x00000007eab00000, 0x00000007ec780000, 0x0000000800000000)
  eden space 13824K, 0% used [0x00000007eab00000,0x00000007eab00000,0x00000007eb880000)
  from space 7680K, 0% used [0x00000007ec000000,0x00000007ec000000,0x00000007ec780000)
  to   space 7680K, 0% used [0x00000007eb880000,0x00000007eb880000,0x00000007ec000000)
 ParOldGen       total 92672K, used 64503K [0x00000007c0000000, 0x00000007c5a80000, 0x00000007eab00000)
  object space 92672K, 69% used [0x00000007c0000000,0x00000007c3efdcb8,0x00000007c5a80000)
 Metaspace       used 58145K, committed 59136K, reserved 1114112K
  class space    used 6411K, committed 6848K, reserved 1048576K
}
Event: 11.882 GC heap before
{Heap before GC invocations=37 (full 3):
 PSYoungGen      total 21504K, used 13824K [0x00000007eab00000, 0x00000007ec780000, 0x0000000800000000)
  eden space 13824K, 100% used [0x00000007eab00000,0x00000007eb880000,0x00000007eb880000)
  from space 7680K, 0% used [0x00000007ec000000,0x00000007ec000000,0x00000007ec780000)
  to   space 7680K, 0% used [0x00000007eb880000,0x00000007eb880000,0x00000007ec000000)
 ParOldGen       total 92672K, used 64503K [0x00000007c0000000, 0x00000007c5a80000, 0x00000007eab00000)
  object space 92672K, 69% used [0x00000007c0000000,0x00000007c3efdcb8,0x00000007c5a80000)
 Metaspace       used 58145K, committed 59136K, reserved 1114112K
  class space    used 6411K, committed 6848K, reserved 1048576K
}
Event: 11.883 GC heap after
{Heap after GC invocations=37 (full 3):
 PSYoungGen      total 17408K, used 3360K [0x00000007eab00000, 0x00000007ec180000, 0x0000000800000000)
  eden space 13824K, 0% used [0x00000007eab00000,0x00000007eab00000,0x00000007eb880000)
  from space 3584K, 93% used [0x00000007eb880000,0x00000007ebbc80c0,0x00000007ebc00000)
  to   space 4608K, 0% used [0x00000007ebd00000,0x00000007ebd00000,0x00000007ec180000)
 ParOldGen       total 92672K, used 64503K [0x00000007c0000000, 0x00000007c5a80000, 0x00000007eab00000)
  object space 92672K, 69% used [0x00000007c0000000,0x00000007c3efdcb8,0x00000007c5a80000)
 Metaspace       used 58145K, committed 59136K, reserved 1114112K
  class space    used 6411K, committed 6848K, reserved 1048576K
}

