# JRE version: OpenJDK Runtime Environment Temurin-17.0.9+9 (17.0.9+9) (build 17.0.9+9)
# Java VM: OpenJDK 64-Bit Server VM Temurin-17.0.9+9 (17.0.9+9, mixed mode, tiered, compressed oops, compressed class ptrs, parallel gc, bsd-amd64)
GC Precious Log:
 CPUs: 16 total, 16 available
 Memory: 32768M
 Large Page Support: Disabled
 NUMA Support: Disabled
 Compressed Oops: Enabled (Zero based)
 Alignments: Space 512K, Generation 512K, Heap 2M
 Heap Min Capacity: 100M
 Heap Initial Capacity: 100M
 Heap Max Capacity: 1G
 Pre-touch: Disabled
 Parallel Workers: 13
Heap:
 PSYoungGen      total 23552K, used 8864K [0x00000007eab00000, 0x00000007ec680000, 0x0000000800000000)
  eden space 22528K, 35% used [0x00000007eab00000,0x00000007eb2cd880,0x00000007ec100000)
  from space 1024K, 85% used [0x00000007ec580000,0x00000007ec65a870,0x00000007ec680000)
  to   space 1536K, 0% used [0x00000007ec380000,0x00000007ec380000,0x00000007ec500000)
 ParOldGen       total 68608K, used 14656K [0x00000007c0000000, 0x00000007c4300000, 0x00000007eab00000)
  object space 68608K, 21% used [0x00000007c0000000,0x00000007c0e50138,0x00000007c4300000)
 Metaspace       used 40958K, committed 41728K, reserved 1114112K
  class space    used 4294K, committed 4608K, reserved 1048576K
GC Heap History (20 events):
Event: 1.297 GC heap before
{Heap before GC invocations=5 (full 0):
 PSYoungGen      total 29696K, used 9664K [0x00000007eab00000, 0x00000007ecc00000, 0x0000000800000000)
  eden space 25600K, 21% used [0x00000007eab00000,0x00000007eb070d90,0x00000007ec400000)
  from space 4096K, 99% used [0x00000007ec800000,0x00000007ecbff3b8,0x00000007ecc00000)
  to   space 4096K, 0% used [0x00000007ec400000,0x00000007ec400000,0x00000007ec800000)
 ParOldGen       total 68608K, used 6493K [0x00000007c0000000, 0x00000007c4300000, 0x00000007eab00000)
  object space 68608K, 9% used [0x00000007c0000000,0x00000007c0657638,0x00000007c4300000)
 Metaspace       used 21116K, committed 21504K, reserved 1114112K
  class space    used 2148K, committed 2304K, reserved 1048576K
}
Event: 1.299 GC heap after
{Heap after GC invocations=5 (full 0):
 PSYoungGen      total 29696K, used 4067K [0x00000007eab00000, 0x00000007ece00000, 0x0000000800000000)
  eden space 25600K, 0% used [0x00000007eab00000,0x00000007eab00000,0x00000007ec400000)
  from space 4096K, 99% used [0x00000007ec400000,0x00000007ec7f8c90,0x00000007ec800000)
  to   space 5120K, 0% used [0x00000007ec900000,0x00000007ec900000,0x00000007ece00000)
 ParOldGen       total 68608K, used 6679K [0x00000007c0000000, 0x00000007c4300000, 0x00000007eab00000)
  object space 68608K, 9% used [0x00000007c0000000,0x00000007c0685d90,0x00000007c4300000)
 Metaspace       used 21116K, committed 21504K, reserved 1114112K
  class space    used 2148K, committed 2304K, reserved 1048576K
}
Event: 1.299 GC heap before
{Heap before GC invocations=6 (full 1):
 PSYoungGen      total 29696K, used 4067K [0x00000007eab00000, 0x00000007ece00000, 0x0000000800000000)
  eden space 25600K, 0% used [0x00000007eab00000,0x00000007eab00000,0x00000007ec400000)
  from space 4096K, 99% used [0x00000007ec400000,0x00000007ec7f8c90,0x00000007ec800000)
  to   space 5120K, 0% used [0x00000007ec900000,0x00000007ec900000,0x00000007ece00000)
 ParOldGen       total 68608K, used 6679K [0x00000007c0000000, 0x00000007c4300000, 0x00000007eab00000)
  object space 68608K, 9% used [0x00000007c0000000,0x00000007c0685d90,0x00000007c4300000)
 Metaspace       used 21116K, committed 21504K, reserved 1114112K
  class space    used 2148K, committed 2304K, reserved 1048576K
}
Event: 1.318 GC heap after
{Heap after GC invocations=6 (full 1):
 PSYoungGen      total 29696K, used 0K [0x00000007eab00000, 0x00000007ece00000, 0x0000000800000000)
  eden space 25600K, 0% used [0x00000007eab00000,0x00000007eab00000,0x00000007ec400000)
  from space 4096K, 0% used [0x00000007ec400000,0x00000007ec400000,0x00000007ec800000)
  to   space 5120K, 0% used [0x00000007ec900000,0x00000007ec900000,0x00000007ece00000)
 ParOldGen       total 68608K, used 10445K [0x00000007c0000000, 0x00000007c4300000, 0x00000007eab00000)
  object space 68608K, 15% used [0x00000007c0000000,0x00000007c0a33640,0x00000007c4300000)
 Metaspace       used 21116K, committed 21504K, reserved 1114112K
  class space    used 2148K, committed 2304K, reserved 1048576K
}
Event: 1.565 GC heap before
{Heap before GC invocations=7 (full 1):
 PSYoungGen      total 29696K, used 25538K [0x00000007eab00000, 0x00000007ece00000, 0x0000000800000000)
  eden space 25600K, 99% used [0x00000007eab00000,0x00000007ec3f0b00,0x00000007ec400000)
  from space 4096K, 0% used [0x00000007ec400000,0x00000007ec400000,0x00000007ec800000)
  to   space 5120K, 0% used [0x00000007ec900000,0x00000007ec900000,0x00000007ece00000)
 ParOldGen       total 68608K, used 10445K [0x00000007c0000000, 0x00000007c4300000, 0x00000007eab00000)
  object space 68608K, 15% used [0x00000007c0000000,0x00000007c0a33640,0x00000007c4300000)
 Metaspace       used 24304K, committed 24896K, reserved 1114112K
  class space    used 2494K, committed 2752K, reserved 1048576K
}
Event: 1.566 GC heap after
{Heap after GC invocations=7 (full 1):
 PSYoungGen      total 27136K, used 1642K [0x00000007eab00000, 0x00000007ecb00000, 0x0000000800000000)
  eden space 25088K, 0% used [0x00000007eab00000,0x00000007eab00000,0x00000007ec380000)
  from space 2048K, 80% used [0x00000007ec900000,0x00000007eca9a958,0x00000007ecb00000)
  to   space 3072K, 0% used [0x00000007ec500000,0x00000007ec500000,0x00000007ec800000)
 ParOldGen       total 68608K, used 10453K [0x00000007c0000000, 0x00000007c4300000, 0x00000007eab00000)
  object space 68608K, 15% used [0x00000007c0000000,0x00000007c0a35640,0x00000007c4300000)
 Metaspace       used 24304K, committed 24896K, reserved 1114112K
  class space    used 2494K, committed 2752K, reserved 1048576K
}
Event: 1.718 GC heap before
{Heap before GC invocations=8 (full 1):
 PSYoungGen      total 27136K, used 26730K [0x00000007eab00000, 0x00000007ecb00000, 0x0000000800000000)
  eden space 25088K, 100% used [0x00000007eab00000,0x00000007ec380000,0x00000007ec380000)
  from space 2048K, 80% used [0x00000007ec900000,0x00000007eca9a958,0x00000007ecb00000)
  to   space 3072K, 0% used [0x00000007ec500000,0x00000007ec500000,0x00000007ec800000)
 ParOldGen       total 68608K, used 10453K [0x00000007c0000000, 0x00000007c4300000, 0x00000007eab00000)
  object space 68608K, 15% used [0x00000007c0000000,0x00000007c0a35640,0x00000007c4300000)
 Metaspace       used 27142K, committed 27712K, reserved 1114112K
  class space    used 2784K, committed 3008K, reserved 1048576K
}
Event: 1.720 GC heap after
{Heap after GC invocations=8 (full 1):
 PSYoungGen      total 27648K, used 3069K [0x00000007eab00000, 0x00000007ecf00000, 0x0000000800000000)
  eden space 24576K, 0% used [0x00000007eab00000,0x00000007eab00000,0x00000007ec300000)
  from space 3072K, 99% used [0x00000007ec500000,0x00000007ec7ff4c8,0x00000007ec800000)
  to   space 6144K, 0% used [0x00000007ec900000,0x00000007ec900000,0x00000007ecf00000)
 ParOldGen       total 68608K, used 12731K [0x00000007c0000000, 0x00000007c4300000, 0x00000007eab00000)
  object space 68608K, 18% used [0x00000007c0000000,0x00000007c0c6ec60,0x00000007c4300000)
 Metaspace       used 27142K, committed 27712K, reserved 1114112K
  class space    used 2784K, committed 3008K, reserved 1048576K
}
Event: 1.827 GC heap before
{Heap before GC invocations=9 (full 1):
 PSYoungGen      total 27648K, used 27645K [0x00000007eab00000, 0x00000007ecf00000, 0x0000000800000000)
  eden space 24576K, 100% used [0x00000007eab00000,0x00000007ec300000,0x00000007ec300000)
  from space 3072K, 99% used [0x00000007ec500000,0x00000007ec7ff4c8,0x00000007ec800000)
  to   space 6144K, 0% used [0x00000007ec900000,0x00000007ec900000,0x00000007ecf00000)
 ParOldGen       total 68608K, used 12731K [0x00000007c0000000, 0x00000007c4300000, 0x00000007eab00000)
  object space 68608K, 18% used [0x00000007c0000000,0x00000007c0c6ec60,0x00000007c4300000)
 Metaspace       used 30138K, committed 30784K, reserved 1114112K
  class space    used 2993K, committed 3264K, reserved 1048576K
}
Event: 1.828 GC heap after
{Heap after GC invocations=9 (full 1):
 PSYoungGen      total 27136K, used 2928K [0x00000007eab00000, 0x00000007ecc00000, 0x0000000800000000)
  eden space 24064K, 0% used [0x00000007eab00000,0x00000007eab00000,0x00000007ec280000)
  from space 3072K, 95% used [0x00000007ec900000,0x00000007ecbdc2f0,0x00000007ecc00000)
  to   space 4096K, 0% used [0x00000007ec400000,0x00000007ec400000,0x00000007ec800000)
 ParOldGen       total 68608K, used 12739K [0x00000007c0000000, 0x00000007c4300000, 0x00000007eab00000)
  object space 68608K, 18% used [0x00000007c0000000,0x00000007c0c70c60,0x00000007c4300000)
 Metaspace       used 30138K, committed 30784K, reserved 1114112K
  class space    used 2993K, committed 3264K, reserved 1048576K
}
Event: 1.925 GC heap before
{Heap before GC invocations=10 (full 1):
 PSYoungGen      total 27136K, used 26992K [0x00000007eab00000, 0x00000007ecc00000, 0x0000000800000000)
  eden space 24064K, 100% used [0x00000007eab00000,0x00000007ec280000,0x00000007ec280000)
  from space 3072K, 95% used [0x00000007ec900000,0x00000007ecbdc2f0,0x00000007ecc00000)
  to   space 4096K, 0% used [0x00000007ec400000,0x00000007ec400000,0x00000007ec800000)
 ParOldGen       total 68608K, used 12739K [0x00000007c0000000, 0x00000007c4300000, 0x00000007eab00000)
  object space 68608K, 18% used [0x00000007c0000000,0x00000007c0c70c60,0x00000007c4300000)
 Metaspace       used 32426K, committed 33088K, reserved 1114112K
  class space    used 3176K, committed 3456K, reserved 1048576K
}
Event: 1.926 GC heap after
{Heap after GC invocations=10 (full 1):
 PSYoungGen      total 26112K, used 2490K [0x00000007eab00000, 0x00000007ec980000, 0x0000000800000000)
  eden space 23552K, 0% used [0x00000007eab00000,0x00000007eab00000,0x00000007ec200000)
  from space 2560K, 97% used [0x00000007ec400000,0x00000007ec66eb58,0x00000007ec680000)
  to   space 3072K, 0% used [0x00000007ec680000,0x00000007ec680000,0x00000007ec980000)
 ParOldGen       total 68608K, used 14021K [0x00000007c0000000, 0x00000007c4300000, 0x00000007eab00000)
  object space 68608K, 20% used [0x00000007c0000000,0x00000007c0db1778,0x00000007c4300000)
 Metaspace       used 32426K, committed 33088K, reserved 1114112K
  class space    used 3176K, committed 3456K, reserved 1048576K
}
Event: 2.120 GC heap before
{Heap before GC invocations=11 (full 1):
 PSYoungGen      total 26112K, used 19122K [0x00000007eab00000, 0x00000007ec980000, 0x0000000800000000)
  eden space 23552K, 70% used [0x00000007eab00000,0x00000007ebb3dd38,0x00000007ec200000)
  from space 2560K, 97% used [0x00000007ec400000,0x00000007ec66eb58,0x00000007ec680000)
  to   space 3072K, 0% used [0x00000007ec680000,0x00000007ec680000,0x00000007ec980000)
 ParOldGen       total 68608K, used 14021K [0x00000007c0000000, 0x00000007c4300000, 0x00000007eab00000)
  object space 68608K, 20% used [0x00000007c0000000,0x00000007c0db1778,0x00000007c4300000)
 Metaspace       used 35128K, committed 35840K, reserved 1114112K
  class space    used 3502K, committed 3840K, reserved 1048576K
}
Event: 2.122 GC heap after
{Heap after GC invocations=11 (full 1):
 PSYoungGen      total 26112K, used 2107K [0x00000007eab00000, 0x00000007ec900000, 0x0000000800000000)
  eden space 23552K, 0% used [0x00000007eab00000,0x00000007eab00000,0x00000007ec200000)
  from space 2560K, 82% used [0x00000007ec680000,0x00000007ec88eca8,0x00000007ec900000)
  to   space 2560K, 0% used [0x00000007ec400000,0x00000007ec400000,0x00000007ec680000)
 ParOldGen       total 68608K, used 15513K [0x00000007c0000000, 0x00000007c4300000, 0x00000007eab00000)
  object space 68608K, 22% used [0x00000007c0000000,0x00000007c0f26490,0x00000007c4300000)
 Metaspace       used 35128K, committed 35840K, reserved 1114112K
  class space    used 3502K, committed 3840K, reserved 1048576K
}
Event: 2.122 GC heap before
{Heap before GC invocations=12 (full 2):
 PSYoungGen      total 26112K, used 2107K [0x00000007eab00000, 0x00000007ec900000, 0x0000000800000000)
  eden space 23552K, 0% used [0x00000007eab00000,0x00000007eab00000,0x00000007ec200000)
  from space 2560K, 82% used [0x00000007ec680000,0x00000007ec88eca8,0x00000007ec900000)
  to   space 2560K, 0% used [0x00000007ec400000,0x00000007ec400000,0x00000007ec680000)
 ParOldGen       total 68608K, used 15513K [0x00000007c0000000, 0x00000007c4300000, 0x00000007eab00000)
  object space 68608K, 22% used [0x00000007c0000000,0x00000007c0f26490,0x00000007c4300000)
 Metaspace       used 35128K, committed 35840K, reserved 1114112K
  class space    used 3502K, committed 3840K, reserved 1048576K
}
Event: 2.148 GC heap after
{Heap after GC invocations=12 (full 2):
 PSYoungGen      total 26112K, used 0K [0x00000007eab00000, 0x00000007ec900000, 0x0000000800000000)
  eden space 23552K, 0% used [0x00000007eab00000,0x00000007eab00000,0x00000007ec200000)
  from space 2560K, 0% used [0x00000007ec680000,0x00000007ec680000,0x00000007ec900000)
  to   space 2560K, 0% used [0x00000007ec400000,0x00000007ec400000,0x00000007ec680000)
 ParOldGen       total 68608K, used 13704K [0x00000007c0000000, 0x00000007c4300000, 0x00000007eab00000)
  object space 68608K, 19% used [0x00000007c0000000,0x00000007c0d622c8,0x00000007c4300000)
 Metaspace       used 35115K, committed 35840K, reserved 1114112K
  class space    used 3498K, committed 3840K, reserved 1048576K
}
Event: 2.369 GC heap before
{Heap before GC invocations=13 (full 2):
 PSYoungGen      total 26112K, used 23502K [0x00000007eab00000, 0x00000007ec900000, 0x0000000800000000)
  eden space 23552K, 99% used [0x00000007eab00000,0x00000007ec1f3848,0x00000007ec200000)
  from space 2560K, 0% used [0x00000007ec680000,0x00000007ec680000,0x00000007ec900000)
  to   space 2560K, 0% used [0x00000007ec400000,0x00000007ec400000,0x00000007ec680000)
 ParOldGen       total 68608K, used 13704K [0x00000007c0000000, 0x00000007c4300000, 0x00000007eab00000)
  object space 68608K, 19% used [0x00000007c0000000,0x00000007c0d622c8,0x00000007c4300000)
 Metaspace       used 38218K, committed 38976K, reserved 1114112K
  class space    used 3909K, committed 4224K, reserved 1048576K
}
Event: 2.370 GC heap after
{Heap after GC invocations=13 (full 2):
 PSYoungGen      total 24576K, used 1170K [0x00000007eab00000, 0x00000007ec700000, 0x0000000800000000)
  eden space 23040K, 0% used [0x00000007eab00000,0x00000007eab00000,0x00000007ec180000)
  from space 1536K, 76% used [0x00000007ec400000,0x00000007ec524930,0x00000007ec580000)
  to   space 1536K, 0% used [0x00000007ec580000,0x00000007ec580000,0x00000007ec700000)
 ParOldGen       total 68608K, used 13712K [0x00000007c0000000, 0x00000007c4300000, 0x00000007eab00000)
  object space 68608K, 19% used [0x00000007c0000000,0x00000007c0d642c8,0x00000007c4300000)
 Metaspace       used 38218K, committed 38976K, reserved 1114112K
  class space    used 3909K, committed 4224K, reserved 1048576K
}
Event: 2.673 GC heap before
{Heap before GC invocations=14 (full 2):
 PSYoungGen      total 24576K, used 24196K [0x00000007eab00000, 0x00000007ec700000, 0x0000000800000000)
  eden space 23040K, 99% used [0x00000007eab00000,0x00000007ec17c960,0x00000007ec180000)
  from space 1536K, 76% used [0x00000007ec400000,0x00000007ec524930,0x00000007ec580000)
  to   space 1536K, 0% used [0x00000007ec580000,0x00000007ec580000,0x00000007ec700000)
 ParOldGen       total 68608K, used 13712K [0x00000007c0000000, 0x00000007c4300000, 0x00000007eab00000)
  object space 68608K, 19% used [0x00000007c0000000,0x00000007c0d642c8,0x00000007c4300000)
 Metaspace       used 40342K, committed 41024K, reserved 1114112K
  class space    used 4206K, committed 4480K, reserved 1048576K
}
Event: 2.675 GC heap after
{Heap after GC invocations=14 (full 2):
 PSYoungGen      total 23552K, used 874K [0x00000007eab00000, 0x00000007ec680000, 0x0000000800000000)
  eden space 22528K, 0% used [0x00000007eab00000,0x00000007eab00000,0x00000007ec100000)
  from space 1024K, 85% used [0x00000007ec580000,0x00000007ec65a870,0x00000007ec680000)
  to   space 1536K, 0% used [0x00000007ec380000,0x00000007ec380000,0x00000007ec500000)
 ParOldGen       total 68608K, used 14656K [0x00000007c0000000, 0x00000007c4300000, 0x00000007eab00000)
  object space 68608K, 21% used [0x00000007c0000000,0x00000007c0e50138,0x00000007c4300000)
 Metaspace       used 40342K, committed 41024K, reserved 1114112K
  class space    used 4206K, committed 4480K, reserved 1048576K
}

